have_header: checking for unistd.h... -------------------- yes

"gcc -o conftest -I/usr/include/ruby/ruby-2.5.0/x86_64-linux-gnu -I/usr/include/ruby/ruby-2.5.0/ruby/backward -I/usr/include/ruby/ruby-2.5.0 -I.    -O2 -g -pipe -Wall -Wp,-D_FORTIFY_SOURCE=2 -fexceptions -fstack-protector --param=ssp-buffer-size=4 -mtune=generic -Wall -fno-strict-aliasing -fPIC conftest.c  -L. -L/usr/lib64 -L. -fstack-protector -rdynamic -Wl,-export-dynamic  -m64   -lruby  -lpthread -lrt -ldl -lcrypt -lm   -lc"
checked program was:
/* begin */
1: #include "ruby.h"
2: 
3: int main(int argc, char **argv)
4: {
5:   return 0;
6: }
/* end */

"gcc -E -I/usr/include/ruby/ruby-2.5.0/x86_64-linux-gnu -I/usr/include/ruby/ruby-2.5.0/ruby/backward -I/usr/include/ruby/ruby-2.5.0 -I.    -O2 -g -pipe -Wall -Wp,-D_FORTIFY_SOURCE=2 -fexceptions -fstack-protector --param=ssp-buffer-size=4 -mtune=generic -Wall -fno-strict-aliasing -fPIC  conftest.c -o conftest.i"
checked program was:
/* begin */
1: #include "ruby.h"
2: 
3: #include <unistd.h>
/* end */

--------------------

have_header: checking for sys/select.h... -------------------- yes

"gcc -E -I/usr/include/ruby/ruby-2.5.0/x86_64-linux-gnu -I/usr/include/ruby/ruby-2.5.0/ruby/backward -I/usr/include/ruby/ruby-2.5.0 -I.    -O2 -g -pipe -Wall -Wp,-D_FORTIFY_SOURCE=2 -fexceptions -fstack-protector --param=ssp-buffer-size=4 -mtune=generic -Wall -fno-strict-aliasing -fPIC  conftest.c -o conftest.i"
checked program was:
/* begin */
1: #include "ruby.h"
2: 
3: #include <sys/select.h>
/* end */

--------------------

have_type: checking for port_event_t in poll.h... -------------------- no

"gcc -I/usr/include/ruby/ruby-2.5.0/x86_64-linux-gnu -I/usr/include/ruby/ruby-2.5.0/ruby/backward -I/usr/include/ruby/ruby-2.5.0 -I.    -O2 -g -pipe -Wall -Wp,-D_FORTIFY_SOURCE=2 -fexceptions -fstack-protector --param=ssp-buffer-size=4 -mtune=generic -Wall -fno-strict-aliasing -fPIC -m64  -c conftest.c"
conftest.c:6: error: expected ‘=’, ‘,’, ‘;’, ‘asm’ or ‘__attribute__’ before ‘conftest_type’
conftest.c:7: error: ‘conftest_type’ undeclared here (not in a function)
checked program was:
/* begin */
1: #include "ruby.h"
2: 
3: #include <poll.h>
4: 
5: /*top*/
6: typedef port_event_t conftest_type;
7: int conftestval[sizeof(conftest_type)?1:-1];
/* end */

--------------------

have_header: checking for sys/epoll.h... -------------------- yes

"gcc -E -I/usr/include/ruby/ruby-2.5.0/x86_64-linux-gnu -I/usr/include/ruby/ruby-2.5.0/ruby/backward -I/usr/include/ruby/ruby-2.5.0 -I.    -O2 -g -pipe -Wall -Wp,-D_FORTIFY_SOURCE=2 -fexceptions -fstack-protector --param=ssp-buffer-size=4 -mtune=generic -Wall -fno-strict-aliasing -fPIC  conftest.c -o conftest.i"
checked program was:
/* begin */
1: #include "ruby.h"
2: 
3: #include <sys/epoll.h>
/* end */

--------------------

have_header: checking for sys/event.h... -------------------- no

"gcc -E -I/usr/include/ruby/ruby-2.5.0/x86_64-linux-gnu -I/usr/include/ruby/ruby-2.5.0/ruby/backward -I/usr/include/ruby/ruby-2.5.0 -I.    -O2 -g -pipe -Wall -Wp,-D_FORTIFY_SOURCE=2 -fexceptions -fstack-protector --param=ssp-buffer-size=4 -mtune=generic -Wall -fno-strict-aliasing -fPIC  conftest.c -o conftest.i"
conftest.c:3:23: error: sys/event.h: No such file or directory
checked program was:
/* begin */
1: #include "ruby.h"
2: 
3: #include <sys/event.h>
/* end */

--------------------

have_type: checking for port_event_t in port.h... -------------------- no

"gcc -I/usr/include/ruby/ruby-2.5.0/x86_64-linux-gnu -I/usr/include/ruby/ruby-2.5.0/ruby/backward -I/usr/include/ruby/ruby-2.5.0 -I.    -O2 -g -pipe -Wall -Wp,-D_FORTIFY_SOURCE=2 -fexceptions -fstack-protector --param=ssp-buffer-size=4 -mtune=generic -Wall -fno-strict-aliasing -fPIC -m64  -c conftest.c"
conftest.c:3:18: error: port.h: No such file or directory
conftest.c:6: error: expected ‘=’, ‘,’, ‘;’, ‘asm’ or ‘__attribute__’ before ‘conftest_type’
conftest.c:7: error: ‘conftest_type’ undeclared here (not in a function)
checked program was:
/* begin */
1: #include "ruby.h"
2: 
3: #include <port.h>
4: 
5: /*top*/
6: typedef port_event_t conftest_type;
7: int conftestval[sizeof(conftest_type)?1:-1];
/* end */

--------------------

have_header: checking for sys/resource.h... -------------------- yes

"gcc -E -I/usr/include/ruby/ruby-2.5.0/x86_64-linux-gnu -I/usr/include/ruby/ruby-2.5.0/ruby/backward -I/usr/include/ruby/ruby-2.5.0 -I.    -O2 -g -pipe -Wall -Wp,-D_FORTIFY_SOURCE=2 -fexceptions -fstack-protector --param=ssp-buffer-size=4 -mtune=generic -Wall -fno-strict-aliasing -fPIC  conftest.c -o conftest.i"
checked program was:
/* begin */
1: #include "ruby.h"
2: 
3: #include <sys/resource.h>
/* end */

--------------------

